{
  "RSpec": {
    "coverage": {
      "/home/hmtanbir/Desktop/rta/rta_admin/app/controllers/ages_controller.rb": {
        "lines": [
          1,
          1,
          null,
          null,
          1,
          1,
          null,
          null,
          null,
          1,
          null,
          null,
          null,
          1,
          1,
          null,
          null,
          null,
          1,
          null,
          null,
          null,
          1,
          3,
          null,
          3,
          2,
          null,
          1,
          null,
          null,
          null,
          null,
          1,
          3,
          2,
          null,
          1,
          null,
          null,
          null,
          null,
          1,
          2,
          2,
          null,
          null,
          1,
          null,
          1,
          7,
          null,
          null,
          null,
          1,
          6,
          null,
          null
        ]
      },
      "/home/hmtanbir/Desktop/rta/rta_admin/app/controllers/application_controller.rb": {
        "lines": [
          null,
          null,
          null,
          1,
          1,
          null
        ]
      },
      "/home/hmtanbir/Desktop/rta/rta_admin/app/controllers/countries_controller.rb": {
        "lines": [
          1,
          1,
          null,
          null,
          1,
          1,
          null,
          null,
          null,
          1,
          null,
          null,
          null,
          1,
          1,
          null,
          null,
          null,
          1,
          null,
          null,
          null,
          1,
          3,
          null,
          3,
          2,
          null,
          1,
          null,
          null,
          null,
          null,
          1,
          3,
          2,
          null,
          1,
          null,
          null,
          null,
          null,
          1,
          2,
          2,
          null,
          null,
          1,
          null,
          1,
          7,
          null,
          null,
          null,
          1,
          6,
          null,
          null
        ]
      },
      "/home/hmtanbir/Desktop/rta/rta_admin/app/controllers/diseases_controller.rb": {
        "lines": [
          null,
          null,
          null,
          1,
          1,
          null,
          null,
          1,
          1,
          null,
          null,
          null,
          1,
          null,
          null,
          1,
          1,
          null,
          null,
          null,
          1,
          null,
          null,
          1,
          3,
          null,
          3,
          2,
          null,
          1,
          null,
          null,
          null,
          null,
          1,
          3,
          2,
          null,
          1,
          null,
          null,
          null,
          null,
          1,
          2,
          2,
          null,
          null,
          1,
          null,
          null,
          1,
          7,
          null,
          null,
          null,
          1,
          6,
          null,
          null
        ]
      },
      "/home/hmtanbir/Desktop/rta/rta_admin/app/controllers/home_controller.rb": {
        "lines": [
          1,
          1,
          null,
          null
        ]
      },
      "/home/hmtanbir/Desktop/rta/rta_admin/app/controllers/months_controller.rb": {
        "lines": [
          1,
          1,
          null,
          null,
          1,
          1,
          null,
          null,
          null,
          1,
          null,
          null,
          null,
          1,
          1,
          null,
          null,
          null,
          1,
          null,
          null,
          null,
          1,
          3,
          null,
          3,
          2,
          null,
          1,
          null,
          null,
          null,
          null,
          1,
          3,
          2,
          null,
          1,
          null,
          null,
          null,
          null,
          1,
          2,
          2,
          null,
          null,
          1,
          null,
          1,
          7,
          null,
          null,
          null,
          1,
          6,
          null,
          null
        ]
      },
      "/home/hmtanbir/Desktop/rta/rta_admin/app/controllers/profiles_controller.rb": {
        "lines": [
          null,
          null,
          null,
          1,
          1,
          null,
          null,
          1,
          1,
          null,
          null,
          null,
          1,
          null,
          null,
          1,
          1,
          null,
          null,
          null,
          1,
          null,
          null,
          1,
          3,
          null,
          3,
          2,
          null,
          1,
          null,
          null,
          null,
          null,
          1,
          3,
          2,
          null,
          1,
          null,
          null,
          null,
          null,
          1,
          2,
          2,
          null,
          null,
          1,
          null,
          null,
          1,
          7,
          null,
          null,
          null,
          1,
          6,
          null,
          null,
          null,
          null
        ]
      },
      "/home/hmtanbir/Desktop/rta/rta_admin/app/controllers/users_controller.rb": {
        "lines": [
          null,
          null,
          null,
          1,
          1,
          null,
          null,
          1,
          1,
          null,
          null,
          null,
          1,
          null,
          null,
          1,
          1,
          null,
          null,
          null,
          1,
          null,
          null,
          1,
          3,
          null,
          3,
          2,
          null,
          1,
          null,
          null,
          null,
          null,
          1,
          3,
          2,
          null,
          1,
          null,
          null,
          null,
          null,
          1,
          2,
          2,
          null,
          null,
          1,
          null,
          null,
          1,
          7,
          null,
          null,
          null,
          1,
          6,
          null,
          null,
          null
        ]
      },
      "/home/hmtanbir/Desktop/rta/rta_admin/app/controllers/years_controller.rb": {
        "lines": [
          1,
          1,
          null,
          null,
          1,
          1,
          null,
          null,
          null,
          1,
          null,
          null,
          null,
          1,
          1,
          null,
          null,
          null,
          1,
          null,
          null,
          null,
          1,
          3,
          null,
          3,
          2,
          null,
          1,
          null,
          null,
          null,
          null,
          1,
          3,
          2,
          null,
          1,
          null,
          null,
          null,
          null,
          1,
          2,
          2,
          null,
          null,
          1,
          null,
          1,
          7,
          null,
          null,
          null,
          1,
          6,
          null,
          null
        ]
      },
      "/home/hmtanbir/Desktop/rta/rta_admin/app/models/age.rb": {
        "lines": [
          null,
          null,
          null,
          1,
          1,
          1,
          null
        ]
      },
      "/home/hmtanbir/Desktop/rta/rta_admin/app/models/country.rb": {
        "lines": [
          null,
          null,
          null,
          1,
          1,
          1,
          null
        ]
      },
      "/home/hmtanbir/Desktop/rta/rta_admin/app/models/disease.rb": {
        "lines": [
          null,
          null,
          null,
          1,
          1,
          1,
          null
        ]
      },
      "/home/hmtanbir/Desktop/rta/rta_admin/app/models/month.rb": {
        "lines": [
          null,
          null,
          null,
          1,
          1,
          1,
          null
        ]
      },
      "/home/hmtanbir/Desktop/rta/rta_admin/app/models/profile.rb": {
        "lines": [
          null,
          null,
          null,
          1,
          1,
          1,
          1,
          1,
          1,
          1,
          null,
          1,
          null,
          1,
          1,
          null
        ]
      },
      "/home/hmtanbir/Desktop/rta/rta_admin/app/models/year.rb": {
        "lines": [
          null,
          null,
          null,
          1,
          1,
          1,
          null
        ]
      }
    },
    "timestamp": 1581847467
  }
}
